{"level":"info","message":"Hello from Acquisitions!","service":"acquisitions-api"}
{"level":"info","message":"::1 - - [15/Mar/2026:01:07:55 +0000] \"GET / HTTP/1.1\" 304 - \"-\" \"Mozilla/5.0 (Macintosh; Intel Mac OS X 10_15_7) AppleWebKit/537.36 (KHTML, like Gecko) Chrome/145.0.0.0 Safari/537.36\"","service":"acquisitions-api"}
{"level":"info","message":"::1 - - [15/Mar/2026:01:07:56 +0000] \"GET /favicon.ico HTTP/1.1\" 404 150 \"-\" \"Mozilla/5.0 (Macintosh; Intel Mac OS X 10_15_7) AppleWebKit/537.36 (KHTML, like Gecko) Chrome/145.0.0.0 Safari/537.36\"","service":"acquisitions-api"}
{"level":"info","message":"Hello from Acquisitions!","service":"acquisitions-api"}
{"level":"info","message":"::1 - - [15/Mar/2026:18:39:38 +0000] \"GET / HTTP/1.1\" 304 - \"-\" \"Mozilla/5.0 (Macintosh; Intel Mac OS X 10_15_7) AppleWebKit/537.36 (KHTML, like Gecko) Chrome/145.0.0.0 Safari/537.36\"","service":"acquisitions-api"}
{"level":"info","message":"Hello from Acquisitions!","service":"acquisitions-api"}
{"level":"info","message":"::1 - - [15/Mar/2026:18:42:25 +0000] \"GET / HTTP/1.1\" 200 24 \"-\" \"HTTPie\"","service":"acquisitions-api"}
{"level":"info","message":"Hello from Acquisitions!","service":"acquisitions-api"}
{"level":"info","message":"::1 - - [15/Mar/2026:18:42:58 +0000] \"GET / HTTP/1.1\" 200 24 \"-\" \"HTTPie\"","service":"acquisitions-api"}
{"level":"info","message":"::1 - - [15/Mar/2026:18:43:10 +0000] \"GET /api HTTP/1.1\" 200 42 \"-\" \"HTTPie\"","service":"acquisitions-api"}
{"level":"info","message":"::1 - - [15/Mar/2026:18:43:21 +0000] \"GET /health HTTP/1.1\" 200 77 \"-\" \"HTTPie\"","service":"acquisitions-api"}
{"level":"info","message":"::1 - - [15/Mar/2026:18:43:48 +0000] \"POST /api/auth/sign-in HTTP/1.1\" 200 31 \"-\" \"HTTPie\"","service":"acquisitions-api"}
{"level":"info","message":"::1 - - [17/Mar/2026:02:23:36 +0000] \"POST /api/auth/sign-up HTTP/1.1\" 200 31 \"-\" \"HTTPie\"","service":"acquisitions-api"}
{"level":"info","message":"::1 - - [17/Mar/2026:02:26:20 +0000] \"POST /api/auth/sign-up HTTP/1.1\" 404 156 \"-\" \"HTTPie\"","service":"acquisitions-api"}
{"level":"info","message":"::1 - - [17/Mar/2026:02:27:58 +0000] \"POST /api/auth/sign-up HTTP/1.1\" 404 156 \"-\" \"HTTPie\"","service":"acquisitions-api"}
{"level":"info","message":"User registered successfully: contact@neha.com","service":"acquisitions-api"}
{"level":"info","message":"::1 - - [17/Mar/2026:02:32:34 +0000] \"POST /api/auth/sign-up HTTP/1.1\" 201 100 \"-\" \"HTTPie\"","service":"acquisitions-api"}
{"level":"info","message":"User registered successfully: contact@neha.com","service":"acquisitions-api"}
{"level":"info","message":"::1 - - [17/Mar/2026:02:33:09 +0000] \"POST /api/auth/sign-up HTTP/1.1\" 201 100 \"-\" \"HTTPie\"","service":"acquisitions-api"}
{"level":"error","message":"Signup error password is not defined","service":"acquisitions-api","stack":"ReferenceError: password is not defined\n    at signup (file:///Users/nehab/Desktop/acquisitions/src/controllers/auth.controller.js:21:49)\n    at Layer.handleRequest (/Users/nehab/Desktop/acquisitions/node_modules/router/lib/layer.js:152:17)\n    at next (/Users/nehab/Desktop/acquisitions/node_modules/router/lib/route.js:157:13)\n    at Route.dispatch (/Users/nehab/Desktop/acquisitions/node_modules/router/lib/route.js:117:3)\n    at handle (/Users/nehab/Desktop/acquisitions/node_modules/router/index.js:435:11)\n    at Layer.handleRequest (/Users/nehab/Desktop/acquisitions/node_modules/router/lib/layer.js:152:17)\n    at /Users/nehab/Desktop/acquisitions/node_modules/router/index.js:295:15\n    at processParams (/Users/nehab/Desktop/acquisitions/node_modules/router/index.js:582:12)\n    at next (/Users/nehab/Desktop/acquisitions/node_modules/router/index.js:291:5)\n    at router.handle (/Users/nehab/Desktop/acquisitions/node_modules/router/index.js:186:3)"}
{"level":"info","message":"::1 - - [19/Mar/2026:02:11:18 +0000] \"POST /api/auth/sign-up HTTP/1.1\" 500 1216 \"-\" \"HTTPie\"","service":"acquisitions-api"}
{"level":"info","message":"User admin@jsmastery.pro created successfully","service":"acquisitions-api"}
{"level":"error","message":"Failed to authenticate token \"expiration\" is not allowed in \"options\"","service":"acquisitions-api","stack":"Error: \"expiration\" is not allowed in \"options\"\n    at /Users/nehab/Desktop/acquisitions/node_modules/jsonwebtoken/sign.js:51:17\n    at Array.forEach (<anonymous>)\n    at validate (/Users/nehab/Desktop/acquisitions/node_modules/jsonwebtoken/sign.js:47:6)\n    at validateOptions (/Users/nehab/Desktop/acquisitions/node_modules/jsonwebtoken/sign.js:62:10)\n    at module.exports [as sign] (/Users/nehab/Desktop/acquisitions/node_modules/jsonwebtoken/sign.js:171:5)\n    at Object.sign (file:///Users/nehab/Desktop/acquisitions/src/utils/jwt.js:9:18)\n    at signup (file:///Users/nehab/Desktop/acquisitions/src/controllers/auth.controller.js:23:28)\n    at process.processTicksAndRejections (node:internal/process/task_queues:104:5)"}
{"cause":{},"level":"error","message":"Signup error Failed to authenticate token","service":"acquisitions-api","stack":"Error: Failed to authenticate token\n    at Object.sign (file:///Users/nehab/Desktop/acquisitions/src/utils/jwt.js:12:13)\n    at signup (file:///Users/nehab/Desktop/acquisitions/src/controllers/auth.controller.js:23:28)\n    at process.processTicksAndRejections (node:internal/process/task_queues:104:5)"}
{"level":"info","message":"::1 - - [19/Mar/2026:02:18:21 +0000] \"POST /api/auth/sign-up HTTP/1.1\" 500 467 \"-\" \"HTTPie\"","service":"acquisitions-api"}
{"level":"error","message":"Error creating the user: Error: Failed query: insert into \"users\" (\"id\", \"name\", \"email\", \"password\", \"role\", \"created_at\", \"updated_at\") values (default, $1, $2, $3, $4, default, default) returning \"id\", \"name\", \"email\", \"role\", \"created_at\"\nparams: Admin,admin@jsmastery.pro,$2b$10$Z2iKgHxnEon6ZYD7mM/jMuObl.puD3xk/UmIo/Sqp4DudRFEghe1W,admin","service":"acquisitions-api"}
{"cause":{"code":"23505","constraint":"users_email_unique","detail":"Key (email)=(admin@jsmastery.pro) already exists.","file":"nbtinsert.c","line":"667","name":"NeonDbError","routine":"_bt_check_unique","schema":"public","severity":"ERROR","table":"users"},"level":"error","message":"Signup error Failed query: insert into \"users\" (\"id\", \"name\", \"email\", \"password\", \"role\", \"created_at\", \"updated_at\") values (default, $1, $2, $3, $4, default, default) returning \"id\", \"name\", \"email\", \"role\", \"created_at\"\nparams: Admin,admin@jsmastery.pro,$2b$10$Z2iKgHxnEon6ZYD7mM/jMuObl.puD3xk/UmIo/Sqp4DudRFEghe1W,admin","params":["Admin","admin@jsmastery.pro","$2b$10$Z2iKgHxnEon6ZYD7mM/jMuObl.puD3xk/UmIo/Sqp4DudRFEghe1W","admin"],"query":"insert into \"users\" (\"id\", \"name\", \"email\", \"password\", \"role\", \"created_at\", \"updated_at\") values (default, $1, $2, $3, $4, default, default) returning \"id\", \"name\", \"email\", \"role\", \"created_at\"","service":"acquisitions-api","stack":"Error: Failed query: insert into \"users\" (\"id\", \"name\", \"email\", \"password\", \"role\", \"created_at\", \"updated_at\") values (default, $1, $2, $3, $4, default, default) returning \"id\", \"name\", \"email\", \"role\", \"created_at\"\nparams: Admin,admin@jsmastery.pro,$2b$10$Z2iKgHxnEon6ZYD7mM/jMuObl.puD3xk/UmIo/Sqp4DudRFEghe1W,admin\n    at NeonHttpPreparedQuery.queryWithCache (file:///Users/nehab/Desktop/acquisitions/node_modules/drizzle-orm/pg-core/session.js:41:15)\n    at process.processTicksAndRejections (node:internal/process/task_queues:104:5)\n    at async NeonHttpPreparedQuery.execute (file:///Users/nehab/Desktop/acquisitions/node_modules/drizzle-orm/neon-http/session.js:45:20)\n    at async createUser (file:///Users/nehab/Desktop/acquisitions/src/services/auth.service.js:24:22)\n    at async signup (file:///Users/nehab/Desktop/acquisitions/src/controllers/auth.controller.js:22:18)"}
{"level":"info","message":"::1 - - [19/Mar/2026:02:21:54 +0000] \"POST /api/auth/sign-up HTTP/1.1\" 500 1207 \"-\" \"HTTPie\"","service":"acquisitions-api"}
{"level":"info","message":"User neha@gmail.com created successfully","service":"acquisitions-api"}
{"level":"error","message":"Signup error res.cookies is not a function","service":"acquisitions-api","stack":"TypeError: res.cookies is not a function\n    at Object.set (file:///Users/nehab/Desktop/acquisitions/src/utils/cookies.js:11:9)\n    at signup (file:///Users/nehab/Desktop/acquisitions/src/controllers/auth.controller.js:24:13)\n    at process.processTicksAndRejections (node:internal/process/task_queues:104:5)"}
{"level":"info","message":"::1 - - [19/Mar/2026:02:23:12 +0000] \"POST /api/auth/sign-up HTTP/1.1\" 500 474 \"-\" \"HTTPie\"","service":"acquisitions-api"}
{"level":"error","message":"Error creating the user: Error: Failed query: insert into \"users\" (\"id\", \"name\", \"email\", \"password\", \"role\", \"created_at\", \"updated_at\") values (default, $1, $2, $3, $4, default, default) returning \"id\", \"name\", \"email\", \"role\", \"created_at\"\nparams: Neha,neha@gmail.com,$2b$10$GELvzpP9ssUua9WKKUpAEevR6g/ufOmhZJyo9cAD1XnEs3WVOJpYC,user","service":"acquisitions-api"}
{"cause":{"code":"23505","constraint":"users_email_unique","detail":"Key (email)=(neha@gmail.com) already exists.","file":"nbtinsert.c","line":"667","name":"NeonDbError","routine":"_bt_check_unique","schema":"public","severity":"ERROR","table":"users"},"level":"error","message":"Signup error Failed query: insert into \"users\" (\"id\", \"name\", \"email\", \"password\", \"role\", \"created_at\", \"updated_at\") values (default, $1, $2, $3, $4, default, default) returning \"id\", \"name\", \"email\", \"role\", \"created_at\"\nparams: Neha,neha@gmail.com,$2b$10$GELvzpP9ssUua9WKKUpAEevR6g/ufOmhZJyo9cAD1XnEs3WVOJpYC,user","params":["Neha","neha@gmail.com","$2b$10$GELvzpP9ssUua9WKKUpAEevR6g/ufOmhZJyo9cAD1XnEs3WVOJpYC","user"],"query":"insert into \"users\" (\"id\", \"name\", \"email\", \"password\", \"role\", \"created_at\", \"updated_at\") values (default, $1, $2, $3, $4, default, default) returning \"id\", \"name\", \"email\", \"role\", \"created_at\"","service":"acquisitions-api","stack":"Error: Failed query: insert into \"users\" (\"id\", \"name\", \"email\", \"password\", \"role\", \"created_at\", \"updated_at\") values (default, $1, $2, $3, $4, default, default) returning \"id\", \"name\", \"email\", \"role\", \"created_at\"\nparams: Neha,neha@gmail.com,$2b$10$GELvzpP9ssUua9WKKUpAEevR6g/ufOmhZJyo9cAD1XnEs3WVOJpYC,user\n    at NeonHttpPreparedQuery.queryWithCache (file:///Users/nehab/Desktop/acquisitions/node_modules/drizzle-orm/pg-core/session.js:41:15)\n    at process.processTicksAndRejections (node:internal/process/task_queues:104:5)\n    at async NeonHttpPreparedQuery.execute (file:///Users/nehab/Desktop/acquisitions/node_modules/drizzle-orm/neon-http/session.js:45:20)\n    at async createUser (file:///Users/nehab/Desktop/acquisitions/src/services/auth.service.js:24:22)\n    at async signup (file:///Users/nehab/Desktop/acquisitions/src/controllers/auth.controller.js:22:18)"}
{"level":"info","message":"::1 - - [19/Mar/2026:02:25:32 +0000] \"POST /api/auth/sign-up HTTP/1.1\" 500 1200 \"-\" \"HTTPie\"","service":"acquisitions-api"}
{"level":"error","message":"Error creating the user: Error: Failed query: insert into \"users\" (\"id\", \"name\", \"email\", \"password\", \"role\", \"created_at\", \"updated_at\") values (default, $1, $2, $3, $4, default, default) returning \"id\", \"name\", \"email\", \"role\", \"created_at\"\nparams: Neha,neha@gmail.com,$2b$10$tLmV7tW.kLoOQeSEahtsw.f0hNAud6KBSFQiM3fHACwFcXridLEAq,user","service":"acquisitions-api"}
{"cause":{"code":"23505","constraint":"users_email_unique","detail":"Key (email)=(neha@gmail.com) already exists.","file":"nbtinsert.c","line":"667","name":"NeonDbError","routine":"_bt_check_unique","schema":"public","severity":"ERROR","table":"users"},"level":"error","message":"Signup error Failed query: insert into \"users\" (\"id\", \"name\", \"email\", \"password\", \"role\", \"created_at\", \"updated_at\") values (default, $1, $2, $3, $4, default, default) returning \"id\", \"name\", \"email\", \"role\", \"created_at\"\nparams: Neha,neha@gmail.com,$2b$10$tLmV7tW.kLoOQeSEahtsw.f0hNAud6KBSFQiM3fHACwFcXridLEAq,user","params":["Neha","neha@gmail.com","$2b$10$tLmV7tW.kLoOQeSEahtsw.f0hNAud6KBSFQiM3fHACwFcXridLEAq","user"],"query":"insert into \"users\" (\"id\", \"name\", \"email\", \"password\", \"role\", \"created_at\", \"updated_at\") values (default, $1, $2, $3, $4, default, default) returning \"id\", \"name\", \"email\", \"role\", \"created_at\"","service":"acquisitions-api","stack":"Error: Failed query: insert into \"users\" (\"id\", \"name\", \"email\", \"password\", \"role\", \"created_at\", \"updated_at\") values (default, $1, $2, $3, $4, default, default) returning \"id\", \"name\", \"email\", \"role\", \"created_at\"\nparams: Neha,neha@gmail.com,$2b$10$tLmV7tW.kLoOQeSEahtsw.f0hNAud6KBSFQiM3fHACwFcXridLEAq,user\n    at NeonHttpPreparedQuery.queryWithCache (file:///Users/nehab/Desktop/acquisitions/node_modules/drizzle-orm/pg-core/session.js:41:15)\n    at process.processTicksAndRejections (node:internal/process/task_queues:104:5)\n    at async NeonHttpPreparedQuery.execute (file:///Users/nehab/Desktop/acquisitions/node_modules/drizzle-orm/neon-http/session.js:45:20)\n    at async createUser (file:///Users/nehab/Desktop/acquisitions/src/services/auth.service.js:24:22)\n    at async signup (file:///Users/nehab/Desktop/acquisitions/src/controllers/auth.controller.js:22:18)"}
{"level":"info","message":"::1 - - [19/Mar/2026:22:57:38 +0000] \"POST /api/auth/sign-up HTTP/1.1\" 500 1200 \"-\" \"HTTPie\"","service":"acquisitions-api"}
{"level":"info","message":"User neha@gmail.com created successfully","service":"acquisitions-api"}
{"level":"info","message":"User registered successfully: neha@gmail.com","service":"acquisitions-api"}
{"level":"info","message":"::1 - - [19/Mar/2026:23:12:35 +0000] \"POST /api/auth/sign-up HTTP/1.1\" 201 98 \"-\" \"HTTPie\"","service":"acquisitions-api"}
{"level":"info","message":"Listening on http://localhost:3000","service":"acquisitions-api","timestamp":"2026-03-23T00:06:19.655Z"}
{"level":"info","message":"Listening on http://localhost:3000","service":"acquisitions-api","timestamp":"2026-03-23T00:06:19.655Z"}
{"level":"info","message":"Listening on http://localhost:3000","service":"acquisitions-api","timestamp":"2026-03-24T04:01:35.883Z"}
{"level":"info","message":"Listening on http://localhost:3000","service":"acquisitions-api","timestamp":"2026-03-24T04:01:35.883Z"}
{"level":"info","message":"Listening on http://localhost:3000","service":"acquisitions-api","timestamp":"2026-03-24T04:34:08.319Z"}
{"level":"info","message":"Listening on http://localhost:3000","service":"acquisitions-api","timestamp":"2026-03-24T04:34:08.319Z"}
{"level":"info","message":"Listening on http://localhost:3000","service":"acquisitions-api","timestamp":"2026-03-24T04:36:45.443Z"}
{"level":"info","message":"Listening on http://localhost:3000","service":"acquisitions-api","timestamp":"2026-03-24T04:36:45.443Z"}
{"level":"info","message":"Listening on http://localhost:3000","service":"acquisitions-api","timestamp":"2026-03-24T04:37:11.685Z"}
{"level":"info","message":"Listening on http://localhost:3000","service":"acquisitions-api","timestamp":"2026-03-24T04:37:11.685Z"}
{"level":"info","message":"Listening on http://localhost:3000","service":"acquisitions-api","timestamp":"2026-03-24T04:37:49.792Z"}
{"level":"info","message":"Listening on http://localhost:3000","service":"acquisitions-api","timestamp":"2026-03-24T04:37:49.792Z"}
{"level":"info","message":"Listening on http://localhost:3000","service":"acquisitions-api","timestamp":"2026-03-24T04:52:19.173Z"}
{"level":"info","message":"Listening on http://localhost:3000","service":"acquisitions-api","timestamp":"2026-03-24T04:52:19.173Z"}
{"level":"info","message":"Listening on http://localhost:3000","service":"acquisitions-api","timestamp":"2026-03-24T04:53:34.675Z"}
{"level":"info","message":"Listening on http://localhost:3000","service":"acquisitions-api","timestamp":"2026-03-24T04:53:34.677Z"}
{"level":"info","message":"Listening on http://localhost:3000","service":"acquisitions-api","timestamp":"2026-03-24T05:42:07.390Z"}
{"level":"info","message":"Listening on http://localhost:3000","service":"acquisitions-api","timestamp":"2026-03-24T05:42:07.390Z"}
{"level":"info","message":"Listening on http://localhost:3000","service":"acquisitions-api","timestamp":"2026-03-27T00:04:23.019Z"}
{"level":"info","message":"Listening on http://localhost:3000","service":"acquisitions-api","timestamp":"2026-03-27T00:04:23.019Z"}
{"level":"info","message":"User neha@gmail.com authenticated successfully","service":"acquisitions-api","timestamp":"2026-03-27T00:06:34.433Z"}
{"level":"info","message":"User signed in successfully: neha@gmail.com","service":"acquisitions-api","timestamp":"2026-03-27T00:06:34.436Z"}
{"level":"info","message":"::1 - - [27/Mar/2026:00:06:34 +0000] \"POST /api/auth/sign-in HTTP/1.1\" 200 97 \"-\" \"HTTPie\"","service":"acquisitions-api","timestamp":"2026-03-27T00:06:34.437Z"}
{"level":"info","message":"User signed out successfully","service":"acquisitions-api","timestamp":"2026-03-27T00:07:07.330Z"}
{"level":"info","message":"::1 - - [27/Mar/2026:00:07:07 +0000] \"POST /api/auth/sign-out HTTP/1.1\" 200 29 \"-\" \"HTTPie\"","service":"acquisitions-api","timestamp":"2026-03-27T00:07:07.331Z"}
